02022-09-13 00:27
2022-09-13 00:28
2022-09-13 00:28
2022-09-13 00:29
2022-09-13 00:29
0
0
0
2022-09-13 00:30
2022-09-13 23:36
2022-09-14 00:08
2022-09-14 00:08
2022-09-14 00:08
0
0
0
0
2022-09-14 00:11
2022-09-14 00:12
2022-09-14 00:12
2022-09-15 23:52
0
0
2022-09-15 23:55
0
2022-09-15 23:56
0
2022-09-15 23:56
0
jump
jump user
2022-09-16 00:02
2022-09-16 00:02
2022-09-16 00:02
2022-09-16 00:02
2022-09-16 00:26
0
test
test
0
test
test
2022-09-16 00:27
2022-09-16 00:27
2022-09-16 00:28
2022-09-16 00:28
test
0
jump
2022-09-16 00:29
0
2022-09-16 00:30
2022-09-16 00:30
2022-09-16 00:31
0
