
2022-11-08 09:48:34 NO_MSG
Here is the error good luck solving it :)
Traceback (most recent call last):
  File "/Users/tassosmakro/PyProjects/PyTerminal/launcher.py", line 60, in boot
    run()
  File "/Users/tassosmakro/PyProjects/PyTerminal/launcher.py", line 15, in run
    kernel.core(MODE=settings.MODE, pl=settings.pl, username=UserH.username_ask)
  File "/Users/tassosmakro/PyProjects/PyTerminal/Kernel.py", line 19, in core
    cmd.CommandAsk(plt=pl, USNAME_PRINT=username)
  File "/Users/tassosmakro/PyProjects/PyTerminal/commands.py", line 74, in CommandAsk
    CommandList(Command=input(f"PyTerminal {sys_detect.processor} | {sys_detect.system} {sys_detect.machine} % "), cmd_pl=plt)
  File "/Users/tassosmakro/PyProjects/PyTerminal/commands.py", line 197, in CommandList
    sys.exit()
SystemExit

2022-11-08 09:48:58 NO_MSG
Here is the error good luck solving it :)
Traceback (most recent call last):
  File "/Users/tassosmakro/PyProjects/PyTerminal/launcher.py", line 60, in boot
    run()
  File "/Users/tassosmakro/PyProjects/PyTerminal/launcher.py", line 15, in run
    kernel.core(MODE=settings.MODE, pl=settings.pl, username=UserH.username_ask)
  File "/Users/tassosmakro/PyProjects/PyTerminal/Kernel.py", line 19, in core
    cmd.CommandAsk(plt=pl, USNAME_PRINT=username)
  File "/Users/tassosmakro/PyProjects/PyTerminal/commands.py", line 74, in CommandAsk
    CommandList(Command=input(f"PyTerminal {sys_detect.processor} | {sys_detect.system} {sys_detect.machine} % "), cmd_pl=plt)
  File "/Users/tassosmakro/PyProjects/PyTerminal/commands.py", line 197, in CommandList
    sys.exit()
SystemExit

2022-11-08 10:03:29 NO_MSG
Here is the error good luck solving it :)
Traceback (most recent call last):
  File "/Users/tassosmakro/PyProjects/PyTerminal/launcher.py", line 60, in boot
    run()
  File "/Users/tassosmakro/PyProjects/PyTerminal/launcher.py", line 15, in run
    kernel.core(MODE=settings.MODE, pl=settings.pl, username=UserH.username_ask)
  File "/Users/tassosmakro/PyProjects/PyTerminal/Kernel.py", line 19, in core
    cmd.CommandAsk(plt=pl, USNAME_PRINT=username)
  File "/Users/tassosmakro/PyProjects/PyTerminal/commands.py", line 69, in CommandAsk
    CommandList(Command=input(f"PyTerminal {sys_detect.processor} | {sys_detect.system} {sys_detect.machine} % "), cmd_pl=plt)
  File "/Users/tassosmakro/PyProjects/PyTerminal/commands.py", line 183, in CommandList
    sys.exit()
SystemExit
